Xmanager 5015
Copyright (c) 1997-2015 NetSarang Computer, Inc.
All rights reserved.

UTC Date:	Thu Mar 24 13:38:07 2016
Local Date:	Thu Mar 24 21:38:07 2016

Compiler version: 170060610
X Server Directory: "C:\Program Files (x86)\NetSarang\Xmanager Enterprise 5\"
LANG ID: 2052
Session File: Not specified.
Connection Method: 0
Xdmcp UDP Port: 177
Xdmcp Host: ''
Product Code: 6
License Type: 1

Server Generation 1
Server profile: %system%\Default Profile.xcf
Desktop composition is enabled.
Default Display Number: 0
Local Time:	Thu Mar 24 21:38:07 2016

============ Global Memory Status ==========
  Memory Load               :      44%
  Total Physical Memory     :    8102 Mbytes
  Available Physical Memory :    4520 Mbytes
  Total Page File           :    8614 Mbytes
  Available Page File       :    4440 Mbytes
  Total Virtual             :    4095 Mbytes
  Available Virtual         :    4004 Mbytes
=============================================

<Hardware information>
  Processor architecture: 0
  Number of processors: 4
  Page size: 4096
  Processor type: 586
  Minimum application address: 10000
  Maximum application address: fffeffff
  Active processor mask: 15
  Allocation granularity: 65536
  Processor level: 6
  Processor revision: 0x2a07

<OS Version Information>
  Platform id   : 2
  Major Version : 6
  Minor Version : 2
  Build Number  : 9200
  Description   : ""
  Country Code  : 86
  Country String: 中华人民共和国
  ANSI Code Page: 936
  Language ID   : 4

WinSock Version 2.2 is selected.
Highest Version 2.2
Description: WinSock 2.0
System Status: Running
Max Sockets: 0
Max UDP Datagram: 0
Local Hostname: 'home'
RGB database: C:\Program Files (x86)\NetSarang\Xmanager Enterprise 5\rgb\rgb.txt
Local Address: fe80::2c96:fdf:976:15aa
Local Address: 192.168.56.1
Local Address: fe80::85e0:f17:3bb2:a5b8
Local Address: 192.168.50.1
Local Address: 192.168.1.13
Local Address: ::1
Local Address: 127.0.0.1
Local Address: 2001:0:5ef5:79fb:3478:5299:5429:7680
Local Address: fe80::3478:5299:5429:7680
Listening port: 6000
Window Mode:               1
Primary Screen Resolution:         1366 x 768
Size of Palette:           0
Number of Reserved Colors: 0
Resolution of Color:       24
Depth of Screen:           32
Maximum Cursor Width:      32
Maximum Cursor Height:     32
Frame Width:               8
Frame Height:              8
Border Width:              1
Border Height:             1
Maximum Client Area Width: 1366
Maximum Client Area Height:715
Icon Width:                32
Icon Height:               32
Small Icon Width:          16
Small Icon Height:         16
Caption Height:            23
Shade Blend Pixel Alpha:   1
DBCS Enabled:              1
GDI batch limit:           20

Mouse buttons: 5
Waveform Output Devices: 2
Mouse wheel present: 1

Monitors: 1
Selected Monitor: Virtual Screen
Same display format: 1
Virtual screen x 0, y 0, w 1366 h 768
Root Window x 0, y 0, w 1366, h 738
Exact StoreColor: 0
Reverse RGB Order: 0

Screen 0: 1366 x 738, depth 24, dpi 96 x 96
Keyboard file version: 3.0
Keyboard file: US 101 keyboard
Keyboard type: 0
nKeys, minKC, maxKC, mapWidth, nCompose: 101, 8, 109, 4, 0
Number of keycodes: 102
Number of KeySyms: 408
Bytes of KeySyms: 1632
Running Xsound...

Waiting for client connections ...

User forces server termination.

Exiting the waiting loop ...

FreeFontPath: FPE "C:\Program Files (x86)\NetSarang\Xmanager Enterprise 5\fonts\Misc" refcount is 2, should be 1; fixing.
X server was terminated normally.
